<?xml version="1.0" encoding="UTF-8"?>
<testng-results ignored="0" total="4" passed="3" failed="1" skipped="0">
  <reporter-output>
  </reporter-output>
  <suite started-at="2021-04-29T14:18:29 EDT" name="Suite" finished-at="2021-04-29T14:18:48 EDT" duration-ms="19438">
    <groups>
    </groups>
    <test started-at="2021-04-29T14:18:29 EDT" name="Validate Menue" finished-at="2021-04-29T14:18:36 EDT" duration-ms="7565">
      <class name="Academy.ValidateNavigationTest">
        <test-method is-config="true" signature="Initialize()[pri:0, instance:Academy.ValidateNavigationTest@3faf2e7d]" started-at="2021-04-29T14:18:29 EDT" name="Initialize" finished-at="2021-04-29T14:18:36 EDT" duration-ms="7369" status="PASS">
          <reporter-output>
          </reporter-output>
        </test-method> <!-- Initialize -->
        <test-method signature="baseNavigator()[pri:0, instance:Academy.ValidateNavigationTest@3faf2e7d]" started-at="2021-04-29T14:18:36 EDT" name="baseNavigator" finished-at="2021-04-29T14:18:36 EDT" duration-ms="95" status="PASS">
          <reporter-output>
          </reporter-output>
        </test-method> <!-- baseNavigator -->
        <test-method is-config="true" signature="teardown()[pri:0, instance:Academy.ValidateNavigationTest@3faf2e7d]" started-at="2021-04-29T14:18:36 EDT" name="teardown" finished-at="2021-04-29T14:18:36 EDT" duration-ms="83" status="PASS">
          <reporter-output>
          </reporter-output>
        </test-method> <!-- teardown -->
      </class> <!-- Academy.ValidateNavigationTest -->
    </test> <!-- Validate Menue -->
    <test started-at="2021-04-29T14:18:29 EDT" name="Validate Title" finished-at="2021-04-29T14:18:37 EDT" duration-ms="8362">
      <class name="Academy.ValidateTitleTest">
        <test-method is-config="true" signature="Initialize()[pri:0, instance:Academy.ValidateTitleTest@7fd4acee]" started-at="2021-04-29T14:18:29 EDT" name="Initialize" finished-at="2021-04-29T14:18:36 EDT" duration-ms="7587" status="PASS">
          <reporter-output>
          </reporter-output>
        </test-method> <!-- Initialize -->
        <test-method signature="CompareTitle()[pri:0, instance:Academy.ValidateTitleTest@7fd4acee]" started-at="2021-04-29T14:18:36 EDT" name="CompareTitle" finished-at="2021-04-29T14:18:36 EDT" duration-ms="66" status="FAIL">
          <exception class="java.lang.AssertionError">
            <message>
              <![CDATA[expected [FEATURED COURSES1] but found [FEATURED COURSES]]]>
            </message>
            <full-stacktrace>
              <![CDATA[java.lang.AssertionError: expected [FEATURED COURSES1] but found [FEATURED COURSES]
at org.testng.Assert.fail(Assert.java:99)
at org.testng.Assert.failNotEquals(Assert.java:1037)
at org.testng.Assert.assertEqualsImpl(Assert.java:140)
at org.testng.Assert.assertEquals(Assert.java:122)
at org.testng.Assert.assertEquals(Assert.java:629)
at org.testng.Assert.assertEquals(Assert.java:639)
at Academy.ValidateTitleTest.CompareTitle(ValidateTitleTest.java:25)
at java.base/jdk.internal.reflect.NativeMethodAccessorImpl.invoke0(Native Method)
at java.base/jdk.internal.reflect.NativeMethodAccessorImpl.invoke(NativeMethodAccessorImpl.java:64)
at java.base/jdk.internal.reflect.DelegatingMethodAccessorImpl.invoke(DelegatingMethodAccessorImpl.java:43)
at java.base/java.lang.reflect.Method.invoke(Method.java:564)
at org.testng.internal.MethodInvocationHelper.invokeMethod(MethodInvocationHelper.java:132)
at org.testng.internal.TestInvoker.invokeMethod(TestInvoker.java:599)
at org.testng.internal.TestInvoker.invokeTestMethod(TestInvoker.java:174)
at org.testng.internal.MethodRunner.runInSequence(MethodRunner.java:46)
at org.testng.internal.TestInvoker$MethodInvocationAgent.invoke(TestInvoker.java:822)
at org.testng.internal.TestInvoker.invokeTestMethods(TestInvoker.java:147)
at org.testng.internal.TestMethodWorker.invokeTestMethods(TestMethodWorker.java:146)
at org.testng.internal.TestMethodWorker.run(TestMethodWorker.java:128)
at java.base/java.util.ArrayList.forEach(ArrayList.java:1511)
at org.testng.TestRunner.privateRun(TestRunner.java:764)
at org.testng.TestRunner.run(TestRunner.java:585)
at org.testng.SuiteRunner.runTest(SuiteRunner.java:384)
at org.testng.SuiteRunner.access$000(SuiteRunner.java:28)
at org.testng.SuiteRunner$SuiteWorker.run(SuiteRunner.java:425)
at org.testng.internal.thread.ThreadUtil.lambda$execute$0(ThreadUtil.java:66)
at java.base/java.util.concurrent.FutureTask.run(FutureTask.java:264)
at java.base/java.util.concurrent.ThreadPoolExecutor.runWorker(ThreadPoolExecutor.java:1130)
at java.base/java.util.concurrent.ThreadPoolExecutor$Worker.run(ThreadPoolExecutor.java:630)
at java.base/java.lang.Thread.run(Thread.java:832)
]]>
            </full-stacktrace>
          </exception> <!-- java.lang.AssertionError -->
          <reporter-output>
          </reporter-output>
        </test-method> <!-- CompareTitle -->
        <test-method is-config="true" signature="teardown()[pri:0, instance:Academy.ValidateTitleTest@7fd4acee]" started-at="2021-04-29T14:18:37 EDT" name="teardown" finished-at="2021-04-29T14:18:37 EDT" duration-ms="96" status="PASS">
          <reporter-output>
          </reporter-output>
        </test-method> <!-- teardown -->
      </class> <!-- Academy.ValidateTitleTest -->
    </test> <!-- Validate Title -->
    <test started-at="2021-04-29T14:18:29 EDT" name="Home Page" finished-at="2021-04-29T14:18:48 EDT" duration-ms="19438">
      <class name="Academy.HomePageTest">
        <test-method is-config="true" signature="Initialize()[pri:0, instance:Academy.HomePageTest@76a36b71]" started-at="2021-04-29T14:18:29 EDT" name="Initialize" finished-at="2021-04-29T14:18:29 EDT" duration-ms="0" status="PASS">
          <reporter-output>
          </reporter-output>
        </test-method> <!-- Initialize -->
        <test-method signature="validateLogin(java.lang.String, java.lang.String)[pri:0, instance:Academy.HomePageTest@76a36b71]" started-at="2021-04-29T14:18:29 EDT" name="validateLogin" data-provider="getData" finished-at="2021-04-29T14:18:39 EDT" duration-ms="10209" status="PASS">
          <params>
            <param index="0">
              <value>
                <![CDATA[RistrictedDataRamin_karimi@yahoo.ca]]>
              </value>
            </param>
            <param index="1">
              <value>
                <![CDATA[password]]>
              </value>
            </param>
          </params>
          <reporter-output>
          </reporter-output>
        </test-method> <!-- validateLogin -->
        <test-method is-config="true" signature="teardown()[pri:0, instance:Academy.HomePageTest@76a36b71]" started-at="2021-04-29T14:18:39 EDT" name="teardown" finished-at="2021-04-29T14:18:39 EDT" duration-ms="74" status="PASS">
          <reporter-output>
          </reporter-output>
        </test-method> <!-- teardown -->
        <test-method is-config="true" signature="Initialize()[pri:0, instance:Academy.HomePageTest@76a36b71]" started-at="2021-04-29T14:18:39 EDT" name="Initialize" finished-at="2021-04-29T14:18:39 EDT" duration-ms="0" status="PASS">
          <reporter-output>
          </reporter-output>
        </test-method> <!-- Initialize -->
        <test-method signature="validateLogin(java.lang.String, java.lang.String)[pri:0, instance:Academy.HomePageTest@76a36b71]" started-at="2021-04-29T14:18:39 EDT" name="validateLogin" data-provider="getData" finished-at="2021-04-29T14:18:48 EDT" duration-ms="9045" status="PASS">
          <params>
            <param index="0">
              <value>
                <![CDATA[NonRestictedDataRaminkarimi2003@yahoo.ca]]>
              </value>
            </param>
            <param index="1">
              <value>
                <![CDATA[password]]>
              </value>
            </param>
          </params>
          <reporter-output>
          </reporter-output>
        </test-method> <!-- validateLogin -->
        <test-method is-config="true" signature="teardown()[pri:0, instance:Academy.HomePageTest@76a36b71]" started-at="2021-04-29T14:18:48 EDT" name="teardown" finished-at="2021-04-29T14:18:48 EDT" duration-ms="73" status="PASS">
          <reporter-output>
          </reporter-output>
        </test-method> <!-- teardown -->
      </class> <!-- Academy.HomePageTest -->
    </test> <!-- Home Page -->
  </suite> <!-- Suite -->
</testng-results>
